# JRE version: OpenJDK Runtime Environment (11.0.12+7) (build 11.0.12+7-b1504.28-7817840)
# Java VM: OpenJDK 64-Bit Server VM (11.0.12+7-b1504.28-7817840, mixed mode, tiered, compressed oops, g1 gc, windows-amd64)
Heap:
 garbage-first heap   total 126976K, used 71632K [0x0000000080000000, 0x0000000100000000)
  region size 1024K, 29 young (29696K), 7 survivors (7168K)
 Metaspace       used 65689K, capacity 67120K, committed 67284K, reserved 1107968K
  class space    used 8272K, capacity 8817K, committed 8832K, reserved 1048576K
GC Heap History (20 events):
Event: 2.064 GC heap before
{Heap before GC invocations=1 (full 0):
 garbage-first heap   total 126976K, used 82009K [0x0000000080000000, 0x0000000100000000)
  region size 1024K, 74 young (75776K), 3 survivors (3072K)
 Metaspace       used 17555K, capacity 17893K, committed 18176K, reserved 1064960K
  class space    used 2050K, capacity 2179K, committed 2304K, reserved 1048576K
}
Event: 2.070 GC heap after
{Heap after GC invocations=2 (full 0):
 garbage-first heap   total 126976K, used 15790K [0x0000000080000000, 0x0000000100000000)
  region size 1024K, 10 young (10240K), 10 survivors (10240K)
 Metaspace       used 17555K, capacity 17893K, committed 18176K, reserved 1064960K
  class space    used 2050K, capacity 2179K, committed 2304K, reserved 1048576K
}
Event: 2.354 GC heap before
{Heap before GC invocations=2 (full 0):
 garbage-first heap   total 126976K, used 45486K [0x0000000080000000, 0x0000000100000000)
  region size 1024K, 40 young (40960K), 10 survivors (10240K)
 Metaspace       used 20738K, capacity 21185K, committed 21296K, reserved 1069056K
  class space    used 2538K, capacity 2680K, committed 2688K, reserved 1048576K
}
Event: 2.359 GC heap after
{Heap after GC invocations=3 (full 0):
 garbage-first heap   total 126976K, used 17023K [0x0000000080000000, 0x0000000100000000)
  region size 1024K, 2 young (2048K), 2 survivors (2048K)
 Metaspace       used 20738K, capacity 21185K, committed 21296K, reserved 1069056K
  class space    used 2538K, capacity 2680K, committed 2688K, reserved 1048576K
}
Event: 2.899 GC heap before
{Heap before GC invocations=4 (full 0):
 garbage-first heap   total 126976K, used 79487K [0x0000000080000000, 0x0000000100000000)
  region size 1024K, 63 young (64512K), 2 survivors (2048K)
 Metaspace       used 27237K, capacity 27842K, committed 27904K, reserved 1073152K
  class space    used 3552K, capacity 3803K, committed 3840K, reserved 1048576K
}
Event: 2.902 GC heap after
{Heap after GC invocations=5 (full 0):
 garbage-first heap   total 126976K, used 19139K [0x0000000080000000, 0x0000000100000000)
  region size 1024K, 4 young (4096K), 4 survivors (4096K)
 Metaspace       used 27237K, capacity 27842K, committed 27904K, reserved 1073152K
  class space    used 3552K, capacity 3803K, committed 3840K, reserved 1048576K
}
Event: 3.362 GC heap before
{Heap before GC invocations=5 (full 0):
 garbage-first heap   total 126976K, used 67267K [0x0000000080000000, 0x0000000100000000)
  region size 1024K, 52 young (53248K), 4 survivors (4096K)
 Metaspace       used 35055K, capacity 35862K, committed 36048K, reserved 1081344K
  class space    used 4533K, capacity 4839K, committed 4864K, reserved 1048576K
}
Event: 3.368 GC heap after
{Heap after GC invocations=6 (full 0):
 garbage-first heap   total 126976K, used 22040K [0x0000000080000000, 0x0000000100000000)
  region size 1024K, 7 young (7168K), 7 survivors (7168K)
 Metaspace       used 35055K, capacity 35862K, committed 36048K, reserved 1081344K
  class space    used 4533K, capacity 4839K, committed 4864K, reserved 1048576K
}
Event: 3.882 GC heap before
{Heap before GC invocations=7 (full 0):
 garbage-first heap   total 126976K, used 92696K [0x0000000080000000, 0x0000000100000000)
  region size 1024K, 74 young (75776K), 7 survivors (7168K)
 Metaspace       used 40554K, capacity 41434K, committed 41552K, reserved 1085440K
  class space    used 5161K, capacity 5476K, committed 5504K, reserved 1048576K
}
Event: 3.888 GC heap after
{Heap after GC invocations=8 (full 0):
 garbage-first heap   total 126976K, used 27622K [0x0000000080000000, 0x0000000100000000)
  region size 1024K, 9 young (9216K), 9 survivors (9216K)
 Metaspace       used 40554K, capacity 41434K, committed 41552K, reserved 1085440K
  class space    used 5161K, capacity 5476K, committed 5504K, reserved 1048576K
}
Event: 4.339 GC heap before
{Heap before GC invocations=8 (full 0):
 garbage-first heap   total 126976K, used 94182K [0x0000000080000000, 0x0000000100000000)
  region size 1024K, 73 young (74752K), 9 survivors (9216K)
 Metaspace       used 46402K, capacity 47434K, committed 47568K, reserved 1091584K
  class space    used 5959K, capacity 6359K, committed 6400K, reserved 1048576K
}
Event: 4.344 GC heap after
{Heap after GC invocations=9 (full 0):
 garbage-first heap   total 126976K, used 29638K [0x0000000080000000, 0x0000000100000000)
  region size 1024K, 3 young (3072K), 3 survivors (3072K)
 Metaspace       used 46402K, capacity 47434K, committed 47568K, reserved 1091584K
  class space    used 5959K, capacity 6359K, committed 6400K, reserved 1048576K
}
Event: 5.098 GC heap before
{Heap before GC invocations=9 (full 0):
 garbage-first heap   total 126976K, used 99270K [0x0000000080000000, 0x0000000100000000)
  region size 1024K, 68 young (69632K), 3 survivors (3072K)
 Metaspace       used 48942K, capacity 50197K, committed 50256K, reserved 1093632K
  class space    used 6251K, capacity 6760K, committed 6784K, reserved 1048576K
}
Event: 5.101 GC heap after
{Heap after GC invocations=10 (full 0):
 garbage-first heap   total 126976K, used 42274K [0x0000000080000000, 0x0000000100000000)
  region size 1024K, 9 young (9216K), 9 survivors (9216K)
 Metaspace       used 48942K, capacity 50197K, committed 50256K, reserved 1093632K
  class space    used 6251K, capacity 6760K, committed 6784K, reserved 1048576K
}
Event: 5.623 GC heap before
{Heap before GC invocations=10 (full 0):
 garbage-first heap   total 126976K, used 95522K [0x0000000080000000, 0x0000000100000000)
  region size 1024K, 61 young (62464K), 9 survivors (9216K)
 Metaspace       used 55765K, capacity 57207K, committed 57296K, reserved 1099776K
  class space    used 7101K, capacity 7635K, committed 7680K, reserved 1048576K
}
Event: 5.629 GC heap after
{Heap after GC invocations=11 (full 0):
 garbage-first heap   total 126976K, used 45728K [0x0000000080000000, 0x0000000100000000)
  region size 1024K, 3 young (3072K), 3 survivors (3072K)
 Metaspace       used 55765K, capacity 57207K, committed 57296K, reserved 1099776K
  class space    used 7101K, capacity 7635K, committed 7680K, reserved 1048576K
}
Event: 5.809 GC heap before
{Heap before GC invocations=11 (full 0):
 garbage-first heap   total 126976K, used 62112K [0x0000000080000000, 0x0000000100000000)
  region size 1024K, 20 young (20480K), 3 survivors (3072K)
 Metaspace       used 58683K, capacity 60089K, committed 60296K, reserved 1101824K
  class space    used 7387K, capacity 7910K, committed 7936K, reserved 1048576K
}
Event: 5.812 GC heap after
{Heap after GC invocations=12 (full 0):
 garbage-first heap   total 126976K, used 46146K [0x0000000080000000, 0x0000000100000000)
  region size 1024K, 4 young (4096K), 4 survivors (4096K)
 Metaspace       used 58683K, capacity 60089K, committed 60296K, reserved 1101824K
  class space    used 7387K, capacity 7910K, committed 7936K, reserved 1048576K
}
Event: 6.319 GC heap before
{Heap before GC invocations=13 (full 0):
 garbage-first heap   total 126976K, used 92226K [0x0000000080000000, 0x0000000100000000)
  region size 1024K, 50 young (51200K), 4 survivors (4096K)
 Metaspace       used 63978K, capacity 65471K, committed 65620K, reserved 1105920K
  class space    used 8038K, capacity 8611K, committed 8704K, reserved 1048576K
}
Event: 6.325 GC heap after
{Heap after GC invocations=14 (full 0):
 garbage-first heap   total 126976K, used 50128K [0x0000000080000000, 0x0000000100000000)
  region size 1024K, 7 young (7168K), 7 survivors (7168K)
 Metaspace       used 63978K, capacity 65471K, committed 65620K, reserved 1105920K
  class space    used 8038K, capacity 8611K, committed 8704K, reserved 1048576K
}

