# JRE version: OpenJDK Runtime Environment (11.0.12+7) (build 11.0.12+7-b1504.28-7817840)
# Java VM: OpenJDK 64-Bit Server VM (11.0.12+7-b1504.28-7817840, mixed mode, tiered, compressed oops, g1 gc, windows-amd64)
Heap:
 garbage-first heap   total 220160K, used 156060K [0x0000000080000000, 0x0000000100000000)
  region size 1024K, 69 young (70656K), 4 survivors (4096K)
 Metaspace       used 97754K, capacity 100222K, committed 100820K, reserved 1136640K
  class space    used 12284K, capacity 13186K, committed 13440K, reserved 1048576K
GC Heap History (20 events):
Event: 6.578 GC heap before
{Heap before GC invocations=17 (full 0):
 garbage-first heap   total 152576K, used 111426K [0x0000000080000000, 0x0000000100000000)
  region size 1024K, 58 young (59392K), 8 survivors (8192K)
 Metaspace       used 77253K, capacity 79138K, committed 79316K, reserved 1118208K
  class space    used 10068K, capacity 10765K, committed 10880K, reserved 1048576K
}
Event: 6.582 GC heap after
{Heap after GC invocations=18 (full 0):
 garbage-first heap   total 152576K, used 63316K [0x0000000080000000, 0x0000000100000000)
  region size 1024K, 7 young (7168K), 7 survivors (7168K)
 Metaspace       used 77253K, capacity 79138K, committed 79316K, reserved 1118208K
  class space    used 10068K, capacity 10765K, committed 10880K, reserved 1048576K
}
Event: 6.957 GC heap before
{Heap before GC invocations=18 (full 0):
 garbage-first heap   total 152576K, used 113492K [0x0000000080000000, 0x0000000100000000)
  region size 1024K, 57 young (58368K), 7 survivors (7168K)
 Metaspace       used 82503K, capacity 84453K, committed 84692K, reserved 1122304K
  class space    used 10607K, capacity 11346K, committed 11392K, reserved 1048576K
}
Event: 6.964 GC heap after
{Heap after GC invocations=19 (full 0):
 garbage-first heap   total 152576K, used 68948K [0x0000000080000000, 0x0000000100000000)
  region size 1024K, 8 young (8192K), 8 survivors (8192K)
 Metaspace       used 82503K, capacity 84453K, committed 84692K, reserved 1122304K
  class space    used 10607K, capacity 11346K, committed 11392K, reserved 1048576K
}
Event: 7.248 GC heap before
{Heap before GC invocations=19 (full 0):
 garbage-first heap   total 152576K, used 116052K [0x0000000080000000, 0x0000000100000000)
  region size 1024K, 55 young (56320K), 8 survivors (8192K)
 Metaspace       used 85251K, capacity 87734K, committed 87892K, reserved 1126400K
  class space    used 11106K, capacity 12001K, committed 12032K, reserved 1048576K
}
Event: 7.253 GC heap after
{Heap after GC invocations=20 (full 0):
 garbage-first heap   total 152576K, used 73536K [0x0000000080000000, 0x0000000100000000)
  region size 1024K, 5 young (5120K), 5 survivors (5120K)
 Metaspace       used 85251K, capacity 87734K, committed 87892K, reserved 1126400K
  class space    used 11106K, capacity 12001K, committed 12032K, reserved 1048576K
}
Event: 7.454 GC heap before
{Heap before GC invocations=20 (full 0):
 garbage-first heap   total 152576K, used 118592K [0x0000000080000000, 0x0000000100000000)
  region size 1024K, 50 young (51200K), 5 survivors (5120K)
 Metaspace       used 85604K, capacity 88091K, committed 88276K, reserved 1126400K
  class space    used 11118K, capacity 12046K, committed 12160K, reserved 1048576K
}
Event: 7.466 GC heap after
{Heap after GC invocations=21 (full 0):
 garbage-first heap   total 183296K, used 76231K [0x0000000080000000, 0x0000000100000000)
  region size 1024K, 7 young (7168K), 7 survivors (7168K)
 Metaspace       used 85604K, capacity 88091K, committed 88276K, reserved 1126400K
  class space    used 11118K, capacity 12046K, committed 12160K, reserved 1048576K
}
Event: 7.933 GC heap before
{Heap before GC invocations=22 (full 0):
 garbage-first heap   total 183296K, used 135623K [0x0000000080000000, 0x0000000100000000)
  region size 1024K, 66 young (67584K), 7 survivors (7168K)
 Metaspace       used 86345K, capacity 88874K, committed 89044K, reserved 1126400K
  class space    used 11164K, capacity 12101K, committed 12160K, reserved 1048576K
}
Event: 7.946 GC heap after
{Heap after GC invocations=23 (full 0):
 garbage-first heap   total 183296K, used 80490K [0x0000000080000000, 0x0000000100000000)
  region size 1024K, 8 young (8192K), 8 survivors (8192K)
 Metaspace       used 86345K, capacity 88874K, committed 89044K, reserved 1126400K
  class space    used 11164K, capacity 12101K, committed 12160K, reserved 1048576K
}
Event: 8.211 GC heap before
{Heap before GC invocations=23 (full 0):
 garbage-first heap   total 183296K, used 138858K [0x0000000080000000, 0x0000000100000000)
  region size 1024K, 66 young (67584K), 8 survivors (8192K)
 Metaspace       used 87652K, capacity 90190K, committed 90324K, reserved 1128448K
  class space    used 11359K, capacity 12291K, committed 12416K, reserved 1048576K
}
Event: 8.217 GC heap after
{Heap after GC invocations=24 (full 0):
 garbage-first heap   total 183296K, used 83921K [0x0000000080000000, 0x0000000100000000)
  region size 1024K, 8 young (8192K), 8 survivors (8192K)
 Metaspace       used 87652K, capacity 90190K, committed 90324K, reserved 1128448K
  class space    used 11359K, capacity 12291K, committed 12416K, reserved 1048576K
}
Event: 8.413 GC heap before
{Heap before GC invocations=24 (full 0):
 garbage-first heap   total 183296K, used 142289K [0x0000000080000000, 0x0000000100000000)
  region size 1024K, 66 young (67584K), 8 survivors (8192K)
 Metaspace       used 88664K, capacity 91255K, committed 91476K, reserved 1128448K
  class space    used 11489K, capacity 12430K, committed 12544K, reserved 1048576K
}
Event: 8.417 GC heap after
{Heap after GC invocations=25 (full 0):
 garbage-first heap   total 183296K, used 87031K [0x0000000080000000, 0x0000000100000000)
  region size 1024K, 7 young (7168K), 7 survivors (7168K)
 Metaspace       used 88664K, capacity 91255K, committed 91476K, reserved 1128448K
  class space    used 11489K, capacity 12430K, committed 12544K, reserved 1048576K
}
Event: 8.774 GC heap before
{Heap before GC invocations=25 (full 0):
 garbage-first heap   total 183296K, used 144375K [0x0000000080000000, 0x0000000100000000)
  region size 1024K, 64 young (65536K), 7 survivors (7168K)
 Metaspace       used 92520K, capacity 95115K, committed 95188K, reserved 1132544K
  class space    used 11941K, capacity 12871K, committed 12928K, reserved 1048576K
}
Event: 8.780 GC heap after
{Heap after GC invocations=26 (full 0):
 garbage-first heap   total 220160K, used 89936K [0x0000000080000000, 0x0000000100000000)
  region size 1024K, 6 young (6144K), 6 survivors (6144K)
 Metaspace       used 92520K, capacity 95115K, committed 95188K, reserved 1132544K
  class space    used 11941K, capacity 12871K, committed 12928K, reserved 1048576K
}
Event: 8.917 GC heap before
{Heap before GC invocations=26 (full 0):
 garbage-first heap   total 220160K, used 114512K [0x0000000080000000, 0x0000000100000000)
  region size 1024K, 18 young (18432K), 6 survivors (6144K)
 Metaspace       used 93265K, capacity 95888K, committed 96084K, reserved 1132544K
  class space    used 12054K, capacity 13003K, committed 13056K, reserved 1048576K
}
Event: 8.937 GC heap after
{Heap after GC invocations=27 (full 0):
 garbage-first heap   total 220160K, used 105134K [0x0000000080000000, 0x0000000100000000)
  region size 1024K, 7 young (7168K), 7 survivors (7168K)
 Metaspace       used 93265K, capacity 95888K, committed 96084K, reserved 1132544K
  class space    used 12054K, capacity 13003K, committed 13056K, reserved 1048576K
}
Event: 1374.589 GC heap before
{Heap before GC invocations=28 (full 0):
 garbage-first heap   total 220160K, used 189102K [0x0000000080000000, 0x0000000100000000)
  region size 1024K, 65 young (66560K), 7 survivors (7168K)
 Metaspace       used 97071K, capacity 99477K, committed 100308K, reserved 1136640K
  class space    used 12263K, capacity 13158K, committed 13440K, reserved 1048576K
}
Event: 1374.622 GC heap after
{Heap after GC invocations=29 (full 0):
 garbage-first heap   total 220160K, used 90524K [0x0000000080000000, 0x0000000100000000)
  region size 1024K, 4 young (4096K), 4 survivors (4096K)
 Metaspace       used 97071K, capacity 99477K, committed 100308K, reserved 1136640K
  class space    used 12263K, capacity 13158K, committed 13440K, reserved 1048576K
}

