# JRE version: OpenJDK Runtime Environment (11.0.12+7) (build 11.0.12+7-b1504.28-7817840)
# Java VM: OpenJDK 64-Bit Server VM (11.0.12+7-b1504.28-7817840, mixed mode, tiered, compressed oops, g1 gc, windows-amd64)
Heap:
 garbage-first heap   total 152576K, used 87523K [0x0000000080000000, 0x0000000100000000)
  region size 1024K, 34 young (34816K), 9 survivors (9216K)
 Metaspace       used 84660K, capacity 86728K, committed 86996K, reserved 1124352K
  class space    used 10993K, capacity 11805K, committed 11904K, reserved 1048576K
GC Heap History (20 events):
Event: 1.803 GC heap before
{Heap before GC invocations=4 (full 0):
 garbage-first heap   total 126976K, used 76323K [0x0000000080000000, 0x0000000100000000)
  region size 1024K, 60 young (61440K), 2 survivors (2048K)
 Metaspace       used 27010K, capacity 27577K, committed 27904K, reserved 1073152K
  class space    used 3512K, capacity 3736K, committed 3840K, reserved 1048576K
}
Event: 1.806 GC heap after
{Heap after GC invocations=5 (full 0):
 garbage-first heap   total 126976K, used 18937K [0x0000000080000000, 0x0000000100000000)
  region size 1024K, 4 young (4096K), 4 survivors (4096K)
 Metaspace       used 27010K, capacity 27577K, committed 27904K, reserved 1073152K
  class space    used 3512K, capacity 3736K, committed 3840K, reserved 1048576K
}
Event: 2.181 GC heap before
{Heap before GC invocations=5 (full 0):
 garbage-first heap   total 126976K, used 73209K [0x0000000080000000, 0x0000000100000000)
  region size 1024K, 58 young (59392K), 4 survivors (4096K)
 Metaspace       used 35057K, capacity 35862K, committed 36048K, reserved 1081344K
  class space    used 4533K, capacity 4839K, committed 4864K, reserved 1048576K
}
Event: 2.188 GC heap after
{Heap after GC invocations=6 (full 0):
 garbage-first heap   total 126976K, used 21956K [0x0000000080000000, 0x0000000100000000)
  region size 1024K, 7 young (7168K), 7 survivors (7168K)
 Metaspace       used 35057K, capacity 35862K, committed 36048K, reserved 1081344K
  class space    used 4533K, capacity 4839K, committed 4864K, reserved 1048576K
}
Event: 2.576 GC heap before
{Heap before GC invocations=7 (full 0):
 garbage-first heap   total 126976K, used 90564K [0x0000000080000000, 0x0000000100000000)
  region size 1024K, 72 young (73728K), 7 survivors (7168K)
 Metaspace       used 40284K, capacity 41220K, committed 41296K, reserved 1085440K
  class space    used 5135K, capacity 5469K, committed 5504K, reserved 1048576K
}
Event: 2.581 GC heap after
{Heap after GC invocations=8 (full 0):
 garbage-first heap   total 126976K, used 27475K [0x0000000080000000, 0x0000000100000000)
  region size 1024K, 9 young (9216K), 9 survivors (9216K)
 Metaspace       used 40284K, capacity 41220K, committed 41296K, reserved 1085440K
  class space    used 5135K, capacity 5469K, committed 5504K, reserved 1048576K
}
Event: 2.940 GC heap before
{Heap before GC invocations=8 (full 0):
 garbage-first heap   total 126976K, used 93011K [0x0000000080000000, 0x0000000100000000)
  region size 1024K, 72 young (73728K), 9 survivors (9216K)
 Metaspace       used 46189K, capacity 47251K, committed 47568K, reserved 1091584K
  class space    used 5928K, capacity 6319K, committed 6400K, reserved 1048576K
}
Event: 2.944 GC heap after
{Heap after GC invocations=9 (full 0):
 garbage-first heap   total 152576K, used 29493K [0x0000000080000000, 0x0000000100000000)
  region size 1024K, 3 young (3072K), 3 survivors (3072K)
 Metaspace       used 46189K, capacity 47251K, committed 47568K, reserved 1091584K
  class space    used 5928K, capacity 6319K, committed 6400K, reserved 1048576K
}
Event: 3.370 GC heap before
{Heap before GC invocations=9 (full 0):
 garbage-first heap   total 152576K, used 112437K [0x0000000080000000, 0x0000000100000000)
  region size 1024K, 81 young (82944K), 3 survivors (3072K)
 Metaspace       used 49483K, capacity 50758K, committed 50896K, reserved 1093632K
  class space    used 6330K, capacity 6827K, committed 6912K, reserved 1048576K
}
Event: 3.374 GC heap after
{Heap after GC invocations=10 (full 0):
 garbage-first heap   total 152576K, used 43104K [0x0000000080000000, 0x0000000100000000)
  region size 1024K, 11 young (11264K), 11 survivors (11264K)
 Metaspace       used 49483K, capacity 50758K, committed 50896K, reserved 1093632K
  class space    used 6330K, capacity 6827K, committed 6912K, reserved 1048576K
}
Event: 3.820 GC heap before
{Heap before GC invocations=10 (full 0):
 garbage-first heap   total 152576K, used 106592K [0x0000000080000000, 0x0000000100000000)
  region size 1024K, 74 young (75776K), 11 survivors (11264K)
 Metaspace       used 58684K, capacity 60119K, committed 60296K, reserved 1101824K
  class space    used 7394K, capacity 7920K, committed 7936K, reserved 1048576K
}
Event: 3.831 GC heap after
{Heap after GC invocations=11 (full 0):
 garbage-first heap   total 152576K, used 46128K [0x0000000080000000, 0x0000000100000000)
  region size 1024K, 3 young (3072K), 3 survivors (3072K)
 Metaspace       used 58684K, capacity 60119K, committed 60296K, reserved 1101824K
  class space    used 7394K, capacity 7920K, committed 7936K, reserved 1048576K
}
Event: 4.326 GC heap before
{Heap before GC invocations=12 (full 0):
 garbage-first heap   total 152576K, used 112688K [0x0000000080000000, 0x0000000100000000)
  region size 1024K, 69 young (70656K), 3 survivors (3072K)
 Metaspace       used 65719K, capacity 67321K, committed 67412K, reserved 1107968K
  class space    used 8293K, capacity 8906K, committed 8960K, reserved 1048576K
}
Event: 4.330 GC heap after
{Heap after GC invocations=13 (full 0):
 garbage-first heap   total 152576K, used 50889K [0x0000000080000000, 0x0000000100000000)
  region size 1024K, 8 young (8192K), 8 survivors (8192K)
 Metaspace       used 65719K, capacity 67321K, committed 67412K, reserved 1107968K
  class space    used 8293K, capacity 8906K, committed 8960K, reserved 1048576K
}
Event: 4.660 GC heap before
{Heap before GC invocations=13 (full 0):
 garbage-first heap   total 152576K, used 116425K [0x0000000080000000, 0x0000000100000000)
  region size 1024K, 72 young (73728K), 8 survivors (8192K)
 Metaspace       used 69152K, capacity 70834K, committed 70996K, reserved 1112064K
  class space    used 8769K, capacity 9406K, committed 9472K, reserved 1048576K
}
Event: 4.664 GC heap after
{Heap after GC invocations=14 (full 0):
 garbage-first heap   total 152576K, used 55492K [0x0000000080000000, 0x0000000100000000)
  region size 1024K, 5 young (5120K), 5 survivors (5120K)
 Metaspace       used 69152K, capacity 70834K, committed 70996K, reserved 1112064K
  class space    used 8769K, capacity 9406K, committed 9472K, reserved 1048576K
}
Event: 5.228 GC heap before
{Heap before GC invocations=14 (full 0):
 garbage-first heap   total 152576K, used 120004K [0x0000000080000000, 0x0000000100000000)
  region size 1024K, 68 young (69632K), 5 survivors (5120K)
 Metaspace       used 75426K, capacity 77187K, committed 77396K, reserved 1116160K
  class space    used 9761K, capacity 10455K, committed 10496K, reserved 1048576K
}
Event: 5.232 GC heap after
{Heap after GC invocations=15 (full 0):
 garbage-first heap   total 152576K, used 59739K [0x0000000080000000, 0x0000000100000000)
  region size 1024K, 9 young (9216K), 9 survivors (9216K)
 Metaspace       used 75426K, capacity 77187K, committed 77396K, reserved 1116160K
  class space    used 9761K, capacity 10455K, committed 10496K, reserved 1048576K
}
Event: 5.817 GC heap before
{Heap before GC invocations=15 (full 0):
 garbage-first heap   total 152576K, used 122203K [0x0000000080000000, 0x0000000100000000)
  region size 1024K, 70 young (71680K), 9 survivors (9216K)
 Metaspace       used 81792K, capacity 83704K, committed 83924K, reserved 1122304K
  class space    used 10609K, capacity 11347K, committed 11392K, reserved 1048576K
}
Event: 5.825 GC heap after
{Heap after GC invocations=16 (full 0):
 garbage-first heap   total 152576K, used 63971K [0x0000000080000000, 0x0000000100000000)
  region size 1024K, 9 young (9216K), 9 survivors (9216K)
 Metaspace       used 81792K, capacity 83704K, committed 83924K, reserved 1122304K
  class space    used 10609K, capacity 11347K, committed 11392K, reserved 1048576K
}

