# JRE version: OpenJDK Runtime Environment (11.0.12+7) (build 11.0.12+7-b1504.28-7817840)
# Java VM: OpenJDK 64-Bit Server VM (11.0.12+7-b1504.28-7817840, mixed mode, tiered, compressed oops, g1 gc, windows-amd64)
Heap:
 garbage-first heap   total 152576K, used 107520K [0x0000000080000000, 0x0000000100000000)
  region size 1024K, 74 young (75776K), 10 survivors (10240K)
 Metaspace       used 57675K, capacity 59136K, committed 59388K, reserved 1101824K
  class space    used 7278K, capacity 7808K, committed 7808K, reserved 1048576K
GC Heap History (16 events):
Event: 0.395 GC heap before
{Heap before GC invocations=0 (full 0):
 garbage-first heap   total 126976K, used 29696K [0x0000000080000000, 0x0000000100000000)
  region size 1024K, 24 young (24576K), 0 survivors (0K)
 Metaspace       used 10223K, capacity 10403K, committed 10624K, reserved 1058816K
  class space    used 1064K, capacity 1106K, committed 1152K, reserved 1048576K
}
Event: 0.400 GC heap after
{Heap after GC invocations=1 (full 0):
 garbage-first heap   total 126976K, used 9664K [0x0000000080000000, 0x0000000100000000)
  region size 1024K, 3 young (3072K), 3 survivors (3072K)
 Metaspace       used 10223K, capacity 10403K, committed 10624K, reserved 1058816K
  class space    used 1064K, capacity 1106K, committed 1152K, reserved 1048576K
}
Event: 1.427 GC heap before
{Heap before GC invocations=1 (full 0):
 garbage-first heap   total 126976K, used 82368K [0x0000000080000000, 0x0000000100000000)
  region size 1024K, 74 young (75776K), 3 survivors (3072K)
 Metaspace       used 17539K, capacity 17893K, committed 18176K, reserved 1064960K
  class space    used 2048K, capacity 2179K, committed 2304K, reserved 1048576K
}
Event: 1.432 GC heap after
{Heap after GC invocations=2 (full 0):
 garbage-first heap   total 126976K, used 16449K [0x0000000080000000, 0x0000000100000000)
  region size 1024K, 10 young (10240K), 10 survivors (10240K)
 Metaspace       used 17539K, capacity 17893K, committed 18176K, reserved 1064960K
  class space    used 2048K, capacity 2179K, committed 2304K, reserved 1048576K
}
Event: 1.594 GC heap before
{Heap before GC invocations=2 (full 0):
 garbage-first heap   total 126976K, used 47169K [0x0000000080000000, 0x0000000100000000)
  region size 1024K, 41 young (41984K), 10 survivors (10240K)
 Metaspace       used 20728K, capacity 21121K, committed 21296K, reserved 1069056K
  class space    used 2536K, capacity 2680K, committed 2688K, reserved 1048576K
}
Event: 1.600 GC heap after
{Heap after GC invocations=3 (full 0):
 garbage-first heap   total 126976K, used 17824K [0x0000000080000000, 0x0000000100000000)
  region size 1024K, 2 young (2048K), 2 survivors (2048K)
 Metaspace       used 20728K, capacity 21121K, committed 21296K, reserved 1069056K
  class space    used 2536K, capacity 2680K, committed 2688K, reserved 1048576K
}
Event: 1.924 GC heap before
{Heap before GC invocations=4 (full 0):
 garbage-first heap   total 126976K, used 72096K [0x0000000080000000, 0x0000000100000000)
  region size 1024K, 56 young (57344K), 2 survivors (2048K)
 Metaspace       used 26728K, capacity 27286K, committed 27440K, reserved 1073152K
  class space    used 3475K, capacity 3703K, committed 3712K, reserved 1048576K
}
Event: 1.926 GC heap after
{Heap after GC invocations=5 (full 0):
 garbage-first heap   total 126976K, used 19751K [0x0000000080000000, 0x0000000100000000)
  region size 1024K, 4 young (4096K), 4 survivors (4096K)
 Metaspace       used 26728K, capacity 27286K, committed 27440K, reserved 1073152K
  class space    used 3475K, capacity 3703K, committed 3712K, reserved 1048576K
}
Event: 2.336 GC heap before
{Heap before GC invocations=5 (full 0):
 garbage-first heap   total 126976K, used 77095K [0x0000000080000000, 0x0000000100000000)
  region size 1024K, 61 young (62464K), 4 survivors (4096K)
 Metaspace       used 34860K, capacity 35670K, committed 35708K, reserved 1081344K
  class space    used 4503K, capacity 4839K, committed 4864K, reserved 1048576K
}
Event: 2.343 GC heap after
{Heap after GC invocations=6 (full 0):
 garbage-first heap   total 126976K, used 22714K [0x0000000080000000, 0x0000000100000000)
  region size 1024K, 6 young (6144K), 6 survivors (6144K)
 Metaspace       used 34860K, capacity 35670K, committed 35708K, reserved 1081344K
  class space    used 4503K, capacity 4839K, committed 4864K, reserved 1048576K
}
Event: 2.739 GC heap before
{Heap before GC invocations=7 (full 0):
 garbage-first heap   total 126976K, used 89274K [0x0000000080000000, 0x0000000100000000)
  region size 1024K, 69 young (70656K), 6 survivors (6144K)
 Metaspace       used 40048K, capacity 40987K, committed 41212K, reserved 1085440K
  class space    used 5111K, capacity 5434K, committed 5504K, reserved 1048576K
}
Event: 2.744 GC heap after
{Heap after GC invocations=8 (full 0):
 garbage-first heap   total 126976K, used 28298K [0x0000000080000000, 0x0000000100000000)
  region size 1024K, 9 young (9216K), 9 survivors (9216K)
 Metaspace       used 40048K, capacity 40987K, committed 41212K, reserved 1085440K
  class space    used 5111K, capacity 5434K, committed 5504K, reserved 1048576K
}
Event: 3.128 GC heap before
{Heap before GC invocations=8 (full 0):
 garbage-first heap   total 126976K, used 90762K [0x0000000080000000, 0x0000000100000000)
  region size 1024K, 69 young (70656K), 9 survivors (9216K)
 Metaspace       used 45730K, capacity 46805K, committed 46972K, reserved 1089536K
  class space    used 5872K, capacity 6278K, committed 6400K, reserved 1048576K
}
Event: 3.132 GC heap after
{Heap after GC invocations=9 (full 0):
 garbage-first heap   total 152576K, used 30446K [0x0000000080000000, 0x0000000100000000)
  region size 1024K, 3 young (3072K), 3 survivors (3072K)
 Metaspace       used 45730K, capacity 46805K, committed 46972K, reserved 1089536K
  class space    used 5872K, capacity 6278K, committed 6400K, reserved 1048576K
}
Event: 3.930 GC heap before
{Heap before GC invocations=9 (full 0):
 garbage-first heap   total 152576K, used 109294K [0x0000000080000000, 0x0000000100000000)
  region size 1024K, 77 young (78848K), 3 survivors (3072K)
 Metaspace       used 48780K, capacity 49991K, committed 50172K, reserved 1093632K
  class space    used 6217K, capacity 6669K, committed 6784K, reserved 1048576K
}
Event: 3.934 GC heap after
{Heap after GC invocations=10 (full 0):
 garbage-first heap   total 152576K, used 43008K [0x0000000080000000, 0x0000000100000000)
  region size 1024K, 10 young (10240K), 10 survivors (10240K)
 Metaspace       used 48780K, capacity 49991K, committed 50172K, reserved 1093632K
  class space    used 6217K, capacity 6669K, committed 6784K, reserved 1048576K
}

