# JRE version: OpenJDK Runtime Environment (11.0.12+7) (build 11.0.12+7-b1504.28-7817840)
# Java VM: OpenJDK 64-Bit Server VM (11.0.12+7-b1504.28-7817840, mixed mode, tiered, compressed oops, g1 gc, windows-amd64)
Heap:
 garbage-first heap   total 183296K, used 125866K [0x0000000080000000, 0x0000000100000000)
  region size 1024K, 71 young (72704K), 11 survivors (11264K)
 Metaspace       used 85274K, capacity 87773K, committed 87920K, reserved 1126400K
  class space    used 11114K, capacity 12062K, committed 12108K, reserved 1048576K
GC Heap History (20 events):
Event: 1.827 GC heap before
{Heap before GC invocations=4 (full 0):
 garbage-first heap   total 126976K, used 74689K [0x0000000080000000, 0x0000000100000000)
  region size 1024K, 58 young (59392K), 2 survivors (2048K)
 Metaspace       used 26868K, capacity 27510K, committed 27824K, reserved 1073152K
  class space    used 3495K, capacity 3735K, committed 3840K, reserved 1048576K
}
Event: 1.829 GC heap after
{Heap after GC invocations=5 (full 0):
 garbage-first heap   total 126976K, used 19352K [0x0000000080000000, 0x0000000100000000)
  region size 1024K, 4 young (4096K), 4 survivors (4096K)
 Metaspace       used 26868K, capacity 27510K, committed 27824K, reserved 1073152K
  class space    used 3495K, capacity 3735K, committed 3840K, reserved 1048576K
}
Event: 2.233 GC heap before
{Heap before GC invocations=5 (full 0):
 garbage-first heap   total 126976K, used 74648K [0x0000000080000000, 0x0000000100000000)
  region size 1024K, 59 young (60416K), 4 survivors (4096K)
 Metaspace       used 34868K, capacity 35670K, committed 35708K, reserved 1081344K
  class space    used 4502K, capacity 4839K, committed 4864K, reserved 1048576K
}
Event: 2.240 GC heap after
{Heap after GC invocations=6 (full 0):
 garbage-first heap   total 126976K, used 22364K [0x0000000080000000, 0x0000000100000000)
  region size 1024K, 7 young (7168K), 7 survivors (7168K)
 Metaspace       used 34868K, capacity 35670K, committed 35708K, reserved 1081344K
  class space    used 4502K, capacity 4839K, committed 4864K, reserved 1048576K
}
Event: 2.648 GC heap before
{Heap before GC invocations=7 (full 0):
 garbage-first heap   total 126976K, used 89948K [0x0000000080000000, 0x0000000100000000)
  region size 1024K, 71 young (72704K), 7 survivors (7168K)
 Metaspace       used 40058K, capacity 40987K, committed 41212K, reserved 1085440K
  class space    used 5111K, capacity 5434K, committed 5504K, reserved 1048576K
}
Event: 2.654 GC heap after
{Heap after GC invocations=8 (full 0):
 garbage-first heap   total 126976K, used 27872K [0x0000000080000000, 0x0000000100000000)
  region size 1024K, 9 young (9216K), 9 survivors (9216K)
 Metaspace       used 40058K, capacity 40987K, committed 41212K, reserved 1085440K
  class space    used 5111K, capacity 5434K, committed 5504K, reserved 1048576K
}
Event: 3.029 GC heap before
{Heap before GC invocations=8 (full 0):
 garbage-first heap   total 126976K, used 92384K [0x0000000080000000, 0x0000000100000000)
  region size 1024K, 71 young (72704K), 9 survivors (9216K)
 Metaspace       used 45957K, capacity 46956K, committed 47228K, reserved 1089536K
  class space    used 5901K, capacity 6285K, committed 6400K, reserved 1048576K
}
Event: 3.033 GC heap after
{Heap after GC invocations=9 (full 0):
 garbage-first heap   total 152576K, used 30026K [0x0000000080000000, 0x0000000100000000)
  region size 1024K, 3 young (3072K), 3 survivors (3072K)
 Metaspace       used 45957K, capacity 46956K, committed 47228K, reserved 1089536K
  class space    used 5901K, capacity 6285K, committed 6400K, reserved 1048576K
}
Event: 3.454 GC heap before
{Heap before GC invocations=9 (full 0):
 garbage-first heap   total 152576K, used 112970K [0x0000000080000000, 0x0000000100000000)
  region size 1024K, 81 young (82944K), 3 survivors (3072K)
 Metaspace       used 49214K, capacity 50463K, committed 50684K, reserved 1093632K
  class space    used 6289K, capacity 6763K, committed 6784K, reserved 1048576K
}
Event: 3.459 GC heap after
{Heap after GC invocations=10 (full 0):
 garbage-first heap   total 152576K, used 42929K [0x0000000080000000, 0x0000000100000000)
  region size 1024K, 11 young (11264K), 11 survivors (11264K)
 Metaspace       used 49214K, capacity 50463K, committed 50684K, reserved 1093632K
  class space    used 6289K, capacity 6763K, committed 6784K, reserved 1048576K
}
Event: 3.908 GC heap before
{Heap before GC invocations=10 (full 0):
 garbage-first heap   total 152576K, used 106417K [0x0000000080000000, 0x0000000100000000)
  region size 1024K, 74 young (75776K), 11 survivors (11264K)
 Metaspace       used 58465K, capacity 59862K, committed 59940K, reserved 1101824K
  class space    used 7362K, capacity 7902K, committed 7936K, reserved 1048576K
}
Event: 3.917 GC heap after
{Heap after GC invocations=11 (full 0):
 garbage-first heap   total 152576K, used 45765K [0x0000000080000000, 0x0000000100000000)
  region size 1024K, 3 young (3072K), 3 survivors (3072K)
 Metaspace       used 58465K, capacity 59862K, committed 59940K, reserved 1101824K
  class space    used 7362K, capacity 7902K, committed 7936K, reserved 1048576K
}
Event: 4.403 GC heap before
{Heap before GC invocations=12 (full 0):
 garbage-first heap   total 152576K, used 113349K [0x0000000080000000, 0x0000000100000000)
  region size 1024K, 70 young (71680K), 3 survivors (3072K)
 Metaspace       used 65616K, capacity 67130K, committed 67312K, reserved 1107968K
  class space    used 8273K, capacity 8864K, committed 8908K, reserved 1048576K
}
Event: 4.407 GC heap after
{Heap after GC invocations=13 (full 0):
 garbage-first heap   total 152576K, used 50721K [0x0000000080000000, 0x0000000100000000)
  region size 1024K, 8 young (8192K), 8 survivors (8192K)
 Metaspace       used 65616K, capacity 67130K, committed 67312K, reserved 1107968K
  class space    used 8273K, capacity 8864K, committed 8908K, reserved 1048576K
}
Event: 4.749 GC heap before
{Heap before GC invocations=13 (full 0):
 garbage-first heap   total 152576K, used 118305K [0x0000000080000000, 0x0000000100000000)
  region size 1024K, 73 young (74752K), 8 survivors (8192K)
 Metaspace       used 69233K, capacity 70834K, committed 71024K, reserved 1112064K
  class space    used 8787K, capacity 9428K, committed 9548K, reserved 1048576K
}
Event: 4.756 GC heap after
{Heap after GC invocations=14 (full 0):
 garbage-first heap   total 152576K, used 55448K [0x0000000080000000, 0x0000000100000000)
  region size 1024K, 5 young (5120K), 5 survivors (5120K)
 Metaspace       used 69233K, capacity 70834K, committed 71024K, reserved 1112064K
  class space    used 8787K, capacity 9428K, committed 9548K, reserved 1048576K
}
Event: 5.255 GC heap before
{Heap before GC invocations=14 (full 0):
 garbage-first heap   total 152576K, used 119960K [0x0000000080000000, 0x0000000100000000)
  region size 1024K, 68 young (69632K), 5 survivors (5120K)
 Metaspace       used 75454K, capacity 77351K, committed 77680K, reserved 1116160K
  class space    used 9776K, capacity 10488K, committed 10572K, reserved 1048576K
}
Event: 5.260 GC heap after
{Heap after GC invocations=15 (full 0):
 garbage-first heap   total 183296K, used 59200K [0x0000000080000000, 0x0000000100000000)
  region size 1024K, 9 young (9216K), 9 survivors (9216K)
 Metaspace       used 75454K, capacity 77351K, committed 77680K, reserved 1116160K
  class space    used 9776K, capacity 10488K, committed 10572K, reserved 1048576K
}
Event: 5.971 GC heap before
{Heap before GC invocations=15 (full 0):
 garbage-first heap   total 183296K, used 136000K [0x0000000080000000, 0x0000000100000000)
  region size 1024K, 84 young (86016K), 9 survivors (9216K)
 Metaspace       used 83819K, capacity 85897K, committed 86000K, reserved 1124352K
  class space    used 10872K, capacity 11633K, committed 11724K, reserved 1048576K
}
Event: 5.978 GC heap after
{Heap after GC invocations=16 (full 0):
 garbage-first heap   total 183296K, used 66474K [0x0000000080000000, 0x0000000100000000)
  region size 1024K, 11 young (11264K), 11 survivors (11264K)
 Metaspace       used 83819K, capacity 85897K, committed 86000K, reserved 1124352K
  class space    used 10872K, capacity 11633K, committed 11724K, reserved 1048576K
}

