# JRE version: OpenJDK Runtime Environment (11.0.12+7) (build 11.0.12+7-b1504.28-7817840)
# Java VM: OpenJDK 64-Bit Server VM (11.0.12+7-b1504.28-7817840, mixed mode, tiered, compressed oops, g1 gc, windows-amd64)
Heap:
 garbage-first heap   total 183296K, used 73684K [0x0000000080000000, 0x0000000100000000)
  region size 1024K, 23 young (23552K), 9 survivors (9216K)
 Metaspace       used 77150K, capacity 78865K, committed 79188K, reserved 1118208K
  class space    used 10001K, capacity 10670K, committed 10752K, reserved 1048576K
GC Heap History (20 events):
Event: 1.829 GC heap before
{Heap before GC invocations=4 (full 0):
 garbage-first heap   total 126976K, used 71644K [0x0000000080000000, 0x0000000100000000)
  region size 1024K, 56 young (57344K), 2 survivors (2048K)
 Metaspace       used 26765K, capacity 27350K, committed 27520K, reserved 1073152K
  class space    used 3477K, capacity 3703K, committed 3712K, reserved 1048576K
}
Event: 1.831 GC heap after
{Heap after GC invocations=5 (full 0):
 garbage-first heap   total 126976K, used 19306K [0x0000000080000000, 0x0000000100000000)
  region size 1024K, 4 young (4096K), 4 survivors (4096K)
 Metaspace       used 26765K, capacity 27350K, committed 27520K, reserved 1073152K
  class space    used 3477K, capacity 3703K, committed 3712K, reserved 1048576K
}
Event: 2.213 GC heap before
{Heap before GC invocations=5 (full 0):
 garbage-first heap   total 126976K, used 75626K [0x0000000080000000, 0x0000000100000000)
  region size 1024K, 60 young (61440K), 4 survivors (4096K)
 Metaspace       used 35048K, capacity 35862K, committed 36048K, reserved 1081344K
  class space    used 4533K, capacity 4839K, committed 4864K, reserved 1048576K
}
Event: 2.221 GC heap after
{Heap after GC invocations=6 (full 0):
 garbage-first heap   total 126976K, used 22482K [0x0000000080000000, 0x0000000100000000)
  region size 1024K, 7 young (7168K), 7 survivors (7168K)
 Metaspace       used 35048K, capacity 35862K, committed 36048K, reserved 1081344K
  class space    used 4533K, capacity 4839K, committed 4864K, reserved 1048576K
}
Event: 2.585 GC heap before
{Heap before GC invocations=7 (full 0):
 garbage-first heap   total 126976K, used 88018K [0x0000000080000000, 0x0000000100000000)
  region size 1024K, 69 young (70656K), 7 survivors (7168K)
 Metaspace       used 40031K, capacity 40986K, committed 41296K, reserved 1085440K
  class space    used 5110K, capacity 5434K, committed 5504K, reserved 1048576K
}
Event: 2.591 GC heap after
{Heap after GC invocations=8 (full 0):
 garbage-first heap   total 126976K, used 27867K [0x0000000080000000, 0x0000000100000000)
  region size 1024K, 9 young (9216K), 9 survivors (9216K)
 Metaspace       used 40031K, capacity 40986K, committed 41296K, reserved 1085440K
  class space    used 5110K, capacity 5434K, committed 5504K, reserved 1048576K
}
Event: 2.961 GC heap before
{Heap before GC invocations=8 (full 0):
 garbage-first heap   total 126976K, used 90331K [0x0000000080000000, 0x0000000100000000)
  region size 1024K, 69 young (70656K), 9 survivors (9216K)
 Metaspace       used 45651K, capacity 46706K, committed 46928K, reserved 1089536K
  class space    used 5862K, capacity 6245K, committed 6272K, reserved 1048576K
}
Event: 2.967 GC heap after
{Heap after GC invocations=9 (full 0):
 garbage-first heap   total 152576K, used 29671K [0x0000000080000000, 0x0000000100000000)
  region size 1024K, 3 young (3072K), 3 survivors (3072K)
 Metaspace       used 45651K, capacity 46706K, committed 46928K, reserved 1089536K
  class space    used 5862K, capacity 6245K, committed 6272K, reserved 1048576K
}
Event: 3.393 GC heap before
{Heap before GC invocations=9 (full 0):
 garbage-first heap   total 152576K, used 110567K [0x0000000080000000, 0x0000000100000000)
  region size 1024K, 79 young (80896K), 3 survivors (3072K)
 Metaspace       used 48938K, capacity 50198K, committed 50256K, reserved 1093632K
  class space    used 6251K, capacity 6760K, committed 6784K, reserved 1048576K
}
Event: 3.397 GC heap after
{Heap after GC invocations=10 (full 0):
 garbage-first heap   total 152576K, used 42833K [0x0000000080000000, 0x0000000100000000)
  region size 1024K, 10 young (10240K), 10 survivors (10240K)
 Metaspace       used 48938K, capacity 50198K, committed 50256K, reserved 1093632K
  class space    used 6251K, capacity 6760K, committed 6784K, reserved 1048576K
}
Event: 3.890 GC heap before
{Heap before GC invocations=10 (full 0):
 garbage-first heap   total 152576K, used 113489K [0x0000000080000000, 0x0000000100000000)
  region size 1024K, 79 young (80896K), 10 survivors (10240K)
 Metaspace       used 58671K, capacity 60090K, committed 60296K, reserved 1101824K
  class space    used 7385K, capacity 7910K, committed 7936K, reserved 1048576K
}
Event: 3.895 GC heap after
{Heap after GC invocations=11 (full 0):
 garbage-first heap   total 152576K, used 46467K [0x0000000080000000, 0x0000000100000000)
  region size 1024K, 4 young (4096K), 4 survivors (4096K)
 Metaspace       used 58671K, capacity 60090K, committed 60296K, reserved 1101824K
  class space    used 7385K, capacity 7910K, committed 7936K, reserved 1048576K
}
Event: 3.897 GC heap before
{Heap before GC invocations=11 (full 0):
 garbage-first heap   total 152576K, used 46467K [0x0000000080000000, 0x0000000100000000)
  region size 1024K, 5 young (5120K), 4 survivors (4096K)
 Metaspace       used 58682K, capacity 60090K, committed 60296K, reserved 1101824K
  class space    used 7387K, capacity 7910K, committed 7936K, reserved 1048576K
}
Event: 3.899 GC heap after
{Heap after GC invocations=12 (full 0):
 garbage-first heap   total 152576K, used 46237K [0x0000000080000000, 0x0000000100000000)
  region size 1024K, 4 young (4096K), 4 survivors (4096K)
 Metaspace       used 58682K, capacity 60090K, committed 60296K, reserved 1101824K
  class space    used 7387K, capacity 7910K, committed 7936K, reserved 1048576K
}
Event: 4.379 GC heap before
{Heap before GC invocations=13 (full 0):
 garbage-first heap   total 152576K, used 115869K [0x0000000080000000, 0x0000000100000000)
  region size 1024K, 73 young (74752K), 4 survivors (4096K)
 Metaspace       used 65849K, capacity 67328K, committed 67540K, reserved 1107968K
  class space    used 8276K, capacity 8820K, committed 8832K, reserved 1048576K
}
Event: 4.384 GC heap after
{Heap after GC invocations=14 (full 0):
 garbage-first heap   total 152576K, used 51455K [0x0000000080000000, 0x0000000100000000)
  region size 1024K, 9 young (9216K), 9 survivors (9216K)
 Metaspace       used 65849K, capacity 67328K, committed 67540K, reserved 1107968K
  class space    used 8276K, capacity 8820K, committed 8832K, reserved 1048576K
}
Event: 4.711 GC heap before
{Heap before GC invocations=14 (full 0):
 garbage-first heap   total 152576K, used 119039K [0x0000000080000000, 0x0000000100000000)
  region size 1024K, 75 young (76800K), 9 survivors (9216K)
 Metaspace       used 69807K, capacity 71447K, committed 71636K, reserved 1112064K
  class space    used 8876K, capacity 9483K, committed 9600K, reserved 1048576K
}
Event: 4.716 GC heap after
{Heap after GC invocations=15 (full 0):
 garbage-first heap   total 152576K, used 56094K [0x0000000080000000, 0x0000000100000000)
  region size 1024K, 5 young (5120K), 5 survivors (5120K)
 Metaspace       used 69807K, capacity 71447K, committed 71636K, reserved 1112064K
  class space    used 8876K, capacity 9483K, committed 9600K, reserved 1048576K
}
Event: 5.143 GC heap before
{Heap before GC invocations=15 (full 0):
 garbage-first heap   total 152576K, used 119582K [0x0000000080000000, 0x0000000100000000)
  region size 1024K, 67 young (68608K), 5 survivors (5120K)
 Metaspace       used 75533K, capacity 77186K, committed 77396K, reserved 1116160K
  class space    used 9746K, capacity 10410K, committed 10496K, reserved 1048576K
}
Event: 5.148 GC heap after
{Heap after GC invocations=16 (full 0):
 garbage-first heap   total 183296K, used 60372K [0x0000000080000000, 0x0000000100000000)
  region size 1024K, 9 young (9216K), 9 survivors (9216K)
 Metaspace       used 75533K, capacity 77186K, committed 77396K, reserved 1116160K
  class space    used 9746K, capacity 10410K, committed 10496K, reserved 1048576K
}

