# JRE version: OpenJDK Runtime Environment (11.0.12+7) (build 11.0.12+7-b1504.28-7817840)
# Java VM: OpenJDK 64-Bit Server VM (11.0.12+7-b1504.28-7817840, mixed mode, tiered, compressed oops, g1 gc, windows-amd64)
Heap:
 garbage-first heap   total 220160K, used 143609K [0x0000000080000000, 0x0000000100000000)
  region size 1024K, 27 young (27648K), 3 survivors (3072K)
 Metaspace       used 143181K, capacity 146253K, committed 146512K, reserved 1181696K
  class space    used 17647K, capacity 18741K, committed 18816K, reserved 1048576K
GC Heap History (20 events):
Event: 10.768 GC heap before
{Heap before GC invocations=22 (full 0):
 garbage-first heap   total 183296K, used 154176K [0x0000000080000000, 0x0000000100000000)
  region size 1024K, 64 young (65536K), 7 survivors (7168K)
 Metaspace       used 96955K, capacity 99214K, committed 100176K, reserved 1136640K
  class space    used 12207K, capacity 13067K, committed 13440K, reserved 1048576K
}
Event: 10.777 GC heap after
{Heap after GC invocations=23 (full 0):
 garbage-first heap   total 220160K, used 88848K [0x0000000080000000, 0x0000000100000000)
  region size 1024K, 8 young (8192K), 8 survivors (8192K)
 Metaspace       used 96955K, capacity 99214K, committed 100176K, reserved 1136640K
  class space    used 12207K, capacity 13067K, committed 13440K, reserved 1048576K
}
Event: 16.446 GC heap before
{Heap before GC invocations=23 (full 0):
 garbage-first heap   total 220160K, used 169744K [0x0000000080000000, 0x0000000100000000)
  region size 1024K, 88 young (90112K), 8 survivors (8192K)
 Metaspace       used 98518K, capacity 100865K, committed 101840K, reserved 1138688K
  class space    used 12349K, capacity 13204K, committed 13568K, reserved 1048576K
}
Event: 16.454 GC heap after
{Heap after GC invocations=24 (full 0):
 garbage-first heap   total 220160K, used 95019K [0x0000000080000000, 0x0000000100000000)
  region size 1024K, 11 young (11264K), 11 survivors (11264K)
 Metaspace       used 98518K, capacity 100865K, committed 101840K, reserved 1138688K
  class space    used 12349K, capacity 13204K, committed 13568K, reserved 1048576K
}
Event: 16.777 GC heap before
{Heap before GC invocations=24 (full 0):
 garbage-first heap   total 220160K, used 178987K [0x0000000080000000, 0x0000000100000000)
  region size 1024K, 88 young (90112K), 11 survivors (11264K)
 Metaspace       used 99743K, capacity 102108K, committed 102992K, reserved 1138688K
  class space    used 12451K, capacity 13359K, committed 13696K, reserved 1048576K
}
Event: 16.786 GC heap after
{Heap after GC invocations=25 (full 0):
 garbage-first heap   total 220160K, used 107946K [0x0000000080000000, 0x0000000100000000)
  region size 1024K, 8 young (8192K), 8 survivors (8192K)
 Metaspace       used 99743K, capacity 102108K, committed 102992K, reserved 1138688K
  class space    used 12451K, capacity 13359K, committed 13696K, reserved 1048576K
}
Event: 16.973 GC heap before
{Heap before GC invocations=25 (full 0):
 garbage-first heap   total 220160K, used 145834K [0x0000000080000000, 0x0000000100000000)
  region size 1024K, 47 young (48128K), 8 survivors (8192K)
 Metaspace       used 102474K, capacity 104913K, committed 105552K, reserved 1140736K
  class space    used 12701K, capacity 13625K, committed 13952K, reserved 1048576K
}
Event: 16.978 GC heap after
{Heap after GC invocations=26 (full 0):
 garbage-first heap   total 220160K, used 112767K [0x0000000080000000, 0x0000000100000000)
  region size 1024K, 6 young (6144K), 6 survivors (6144K)
 Metaspace       used 102474K, capacity 104913K, committed 105552K, reserved 1140736K
  class space    used 12701K, capacity 13625K, committed 13952K, reserved 1048576K
}
Event: 17.814 GC heap before
{Heap before GC invocations=27 (full 0):
 garbage-first heap   total 220160K, used 205951K [0x0000000080000000, 0x0000000100000000)
  region size 1024K, 71 young (72704K), 6 survivors (6144K)
 Metaspace       used 116224K, capacity 118810K, committed 119120K, reserved 1153024K
  class space    used 14118K, capacity 15101K, committed 15232K, reserved 1048576K
}
Event: 17.818 GC heap after
{Heap after GC invocations=28 (full 0):
 garbage-first heap   total 220160K, used 114872K [0x0000000080000000, 0x0000000100000000)
  region size 1024K, 8 young (8192K), 8 survivors (8192K)
 Metaspace       used 116224K, capacity 118810K, committed 119120K, reserved 1153024K
  class space    used 14118K, capacity 15101K, committed 15232K, reserved 1048576K
}
Event: 17.866 GC heap before
{Heap before GC invocations=28 (full 0):
 garbage-first heap   total 220160K, used 116920K [0x0000000080000000, 0x0000000100000000)
  region size 1024K, 10 young (10240K), 8 survivors (8192K)
 Metaspace       used 116403K, capacity 119037K, committed 119376K, reserved 1153024K
  class space    used 14145K, capacity 15134K, committed 15232K, reserved 1048576K
}
Event: 17.870 GC heap after
{Heap after GC invocations=29 (full 0):
 garbage-first heap   total 220160K, used 109818K [0x0000000080000000, 0x0000000100000000)
  region size 1024K, 1 young (1024K), 1 survivors (1024K)
 Metaspace       used 116403K, capacity 119037K, committed 119376K, reserved 1153024K
  class space    used 14145K, capacity 15134K, committed 15232K, reserved 1048576K
}
Event: 17.871 GC heap before
{Heap before GC invocations=29 (full 0):
 garbage-first heap   total 220160K, used 109818K [0x0000000080000000, 0x0000000100000000)
  region size 1024K, 2 young (2048K), 1 survivors (1024K)
 Metaspace       used 116403K, capacity 119037K, committed 119376K, reserved 1153024K
  class space    used 14145K, capacity 15134K, committed 15232K, reserved 1048576K
}
Event: 17.873 GC heap after
{Heap after GC invocations=30 (full 0):
 garbage-first heap   total 220160K, used 109197K [0x0000000080000000, 0x0000000100000000)
  region size 1024K, 1 young (1024K), 1 survivors (1024K)
 Metaspace       used 116403K, capacity 119037K, committed 119376K, reserved 1153024K
  class space    used 14145K, capacity 15134K, committed 15232K, reserved 1048576K
}
Event: 18.711 GC heap before
{Heap before GC invocations=31 (full 0):
 garbage-first heap   total 220160K, used 185997K [0x0000000080000000, 0x0000000100000000)
  region size 1024K, 72 young (73728K), 1 survivors (1024K)
 Metaspace       used 129997K, capacity 132903K, committed 133072K, reserved 1165312K
  class space    used 16060K, capacity 17088K, committed 17152K, reserved 1048576K
}
Event: 18.716 GC heap after
{Heap after GC invocations=32 (full 0):
 garbage-first heap   total 220160K, used 116996K [0x0000000080000000, 0x0000000100000000)
  region size 1024K, 8 young (8192K), 8 survivors (8192K)
 Metaspace       used 129997K, capacity 132903K, committed 133072K, reserved 1165312K
  class space    used 16060K, capacity 17088K, committed 17152K, reserved 1048576K
}
Event: 18.740 GC heap before
{Heap before GC invocations=32 (full 0):
 garbage-first heap   total 220160K, used 119044K [0x0000000080000000, 0x0000000100000000)
  region size 1024K, 10 young (10240K), 8 survivors (8192K)
 Metaspace       used 130434K, capacity 133319K, committed 133584K, reserved 1165312K
  class space    used 16095K, capacity 17120K, committed 17152K, reserved 1048576K
}
Event: 18.744 GC heap after
{Heap after GC invocations=33 (full 0):
 garbage-first heap   total 220160K, used 116951K [0x0000000080000000, 0x0000000100000000)
  region size 1024K, 2 young (2048K), 2 survivors (2048K)
 Metaspace       used 130434K, capacity 133319K, committed 133584K, reserved 1165312K
  class space    used 16095K, capacity 17120K, committed 17152K, reserved 1048576K
}
Event: 19.205 GC heap before
{Heap before GC invocations=33 (full 0):
 garbage-first heap   total 220160K, used 147671K [0x0000000080000000, 0x0000000100000000)
  region size 1024K, 33 young (33792K), 2 survivors (2048K)
 Metaspace       used 138138K, capacity 141124K, committed 141264K, reserved 1173504K
  class space    used 17039K, capacity 18105K, committed 18176K, reserved 1048576K
}
Event: 19.208 GC heap after
{Heap after GC invocations=34 (full 0):
 garbage-first heap   total 220160K, used 118009K [0x0000000080000000, 0x0000000100000000)
  region size 1024K, 3 young (3072K), 3 survivors (3072K)
 Metaspace       used 138138K, capacity 141124K, committed 141264K, reserved 1173504K
  class space    used 17039K, capacity 18105K, committed 18176K, reserved 1048576K
}

