# JRE version: OpenJDK Runtime Environment (11.0.12+7) (build 11.0.12+7-b1504.28-7817840)
# Java VM: OpenJDK 64-Bit Server VM (11.0.12+7-b1504.28-7817840, mixed mode, tiered, compressed oops, g1 gc, windows-amd64)
Heap:
 garbage-first heap   total 183296K, used 100530K [0x0000000080000000, 0x0000000100000000)
  region size 1024K, 1 young (1024K), 1 survivors (1024K)
 Metaspace       used 101407K, capacity 103688K, committed 104484K, reserved 1159168K
  class space    used 12361K, capacity 13200K, committed 13480K, reserved 1048576K
GC Heap History (20 events):
Event: 6.500 GC heap before
{Heap before GC invocations=18 (full 0):
 garbage-first heap   total 183296K, used 135802K [0x0000000080000000, 0x0000000100000000)
  region size 1024K, 69 young (70656K), 5 survivors (5120K)
 Metaspace       used 85997K, capacity 88368K, committed 88484K, reserved 1126400K
  class space    used 11132K, capacity 12061K, committed 12072K, reserved 1048576K
}
Event: 6.506 GC heap after
{Heap after GC invocations=19 (full 0):
 garbage-first heap   total 183296K, used 75205K [0x0000000080000000, 0x0000000100000000)
  region size 1024K, 9 young (9216K), 9 survivors (9216K)
 Metaspace       used 85997K, capacity 88368K, committed 88484K, reserved 1126400K
  class space    used 11132K, capacity 12061K, committed 12072K, reserved 1048576K
}
Event: 6.675 GC heap before
{Heap before GC invocations=19 (full 0):
 garbage-first heap   total 183296K, used 139717K [0x0000000080000000, 0x0000000100000000)
  region size 1024K, 73 young (74752K), 9 survivors (9216K)
 Metaspace       used 86309K, capacity 88743K, committed 88996K, reserved 1126400K
  class space    used 11145K, capacity 12066K, committed 12072K, reserved 1048576K
}
Event: 6.681 GC heap after
{Heap after GC invocations=20 (full 0):
 garbage-first heap   total 183296K, used 79421K [0x0000000080000000, 0x0000000100000000)
  region size 1024K, 9 young (9216K), 9 survivors (9216K)
 Metaspace       used 86309K, capacity 88743K, committed 88996K, reserved 1126400K
  class space    used 11145K, capacity 12066K, committed 12072K, reserved 1048576K
}
Event: 23.452 GC heap before
{Heap before GC invocations=20 (full 0):
 garbage-first heap   total 183296K, used 142909K [0x0000000080000000, 0x0000000100000000)
  region size 1024K, 72 young (73728K), 9 survivors (9216K)
 Metaspace       used 90903K, capacity 93331K, committed 93476K, reserved 1130496K
  class space    used 11495K, capacity 12416K, committed 12456K, reserved 1048576K
}
Event: 23.460 GC heap after
{Heap after GC invocations=21 (full 0):
 garbage-first heap   total 183296K, used 84256K [0x0000000080000000, 0x0000000100000000)
  region size 1024K, 9 young (9216K), 9 survivors (9216K)
 Metaspace       used 90903K, capacity 93331K, committed 93476K, reserved 1130496K
  class space    used 11495K, capacity 12416K, committed 12456K, reserved 1048576K
}
Event: 30.983 GC heap before
{Heap before GC invocations=21 (full 0):
 garbage-first heap   total 183296K, used 145696K [0x0000000080000000, 0x0000000100000000)
  region size 1024K, 70 young (71680K), 9 survivors (9216K)
 Metaspace       used 91504K, capacity 94047K, committed 94372K, reserved 1130496K
  class space    used 11526K, capacity 12480K, committed 12584K, reserved 1048576K
}
Event: 30.990 GC heap after
{Heap after GC invocations=22 (full 0):
 garbage-first heap   total 183296K, used 90440K [0x0000000080000000, 0x0000000100000000)
  region size 1024K, 7 young (7168K), 7 survivors (7168K)
 Metaspace       used 91504K, capacity 94047K, committed 94372K, reserved 1130496K
  class space    used 11526K, capacity 12480K, committed 12584K, reserved 1048576K
}
Event: 31.301 GC heap before
{Heap before GC invocations=22 (full 0):
 garbage-first heap   total 183296K, used 134472K [0x0000000080000000, 0x0000000100000000)
  region size 1024K, 52 young (53248K), 7 survivors (7168K)
 Metaspace       used 92683K, capacity 95233K, committed 95524K, reserved 1132544K
  class space    used 11682K, capacity 12649K, committed 12712K, reserved 1048576K
}
Event: 31.311 GC heap after
{Heap after GC invocations=23 (full 0):
 garbage-first heap   total 183296K, used 95736K [0x0000000080000000, 0x0000000100000000)
  region size 1024K, 6 young (6144K), 6 survivors (6144K)
 Metaspace       used 92683K, capacity 95233K, committed 95524K, reserved 1132544K
  class space    used 11682K, capacity 12649K, committed 12712K, reserved 1048576K
}
Event: 31.562 GC heap before
{Heap before GC invocations=24 (full 0):
 garbage-first heap   total 183296K, used 155128K [0x0000000080000000, 0x0000000100000000)
  region size 1024K, 59 young (60416K), 6 survivors (6144K)
 Metaspace       used 93426K, capacity 95709K, committed 96676K, reserved 1132544K
  class space    used 11645K, capacity 12502K, committed 12840K, reserved 1048576K
}
Event: 31.568 GC heap after
{Heap after GC invocations=25 (full 0):
 garbage-first heap   total 183296K, used 105421K [0x0000000080000000, 0x0000000100000000)
  region size 1024K, 5 young (5120K), 5 survivors (5120K)
 Metaspace       used 93426K, capacity 95709K, committed 96676K, reserved 1132544K
  class space    used 11645K, capacity 12502K, committed 12840K, reserved 1048576K
}
Event: 31.577 GC heap before
{Heap before GC invocations=25 (full 0):
 garbage-first heap   total 183296K, used 107469K [0x0000000080000000, 0x0000000100000000)
  region size 1024K, 8 young (8192K), 5 survivors (5120K)
 Metaspace       used 93466K, capacity 95751K, committed 96676K, reserved 1132544K
  class space    used 11653K, capacity 12516K, committed 12840K, reserved 1048576K
}
Event: 31.582 GC heap after
{Heap after GC invocations=26 (full 0):
 garbage-first heap   total 183296K, used 97185K [0x0000000080000000, 0x0000000100000000)
  region size 1024K, 1 young (1024K), 1 survivors (1024K)
 Metaspace       used 93466K, capacity 95751K, committed 96676K, reserved 1132544K
  class space    used 11653K, capacity 12516K, committed 12840K, reserved 1048576K
}
Event: 31.831 GC heap before
{Heap before GC invocations=26 (full 0):
 garbage-first heap   total 183296K, used 124833K [0x0000000080000000, 0x0000000100000000)
  region size 1024K, 30 young (30720K), 1 survivors (1024K)
 Metaspace       used 96892K, capacity 99189K, committed 100004K, reserved 1136640K
  class space    used 11953K, capacity 12808K, committed 13096K, reserved 1048576K
}
Event: 31.834 GC heap after
{Heap after GC invocations=27 (full 0):
 garbage-first heap   total 183296K, used 101017K [0x0000000080000000, 0x0000000100000000)
  region size 1024K, 5 young (5120K), 5 survivors (5120K)
 Metaspace       used 96892K, capacity 99189K, committed 100004K, reserved 1136640K
  class space    used 11953K, capacity 12808K, committed 13096K, reserved 1048576K
}
Event: 32.146 GC heap before
{Heap before GC invocations=28 (full 0):
 garbage-first heap   total 183296K, used 113305K [0x0000000080000000, 0x0000000100000000)
  region size 1024K, 18 young (18432K), 5 survivors (5120K)
 Metaspace       used 100612K, capacity 102848K, committed 103716K, reserved 1146880K
  class space    used 12294K, capacity 13133K, committed 13480K, reserved 1048576K
}
Event: 32.157 GC heap after
{Heap after GC invocations=29 (full 0):
 garbage-first heap   total 183296K, used 100987K [0x0000000080000000, 0x0000000100000000)
  region size 1024K, 1 young (1024K), 1 survivors (1024K)
 Metaspace       used 100612K, capacity 102848K, committed 103716K, reserved 1146880K
  class space    used 12294K, capacity 13133K, committed 13480K, reserved 1048576K
}
Event: 32.216 GC heap before
{Heap before GC invocations=29 (full 0):
 garbage-first heap   total 183296K, used 103035K [0x0000000080000000, 0x0000000100000000)
  region size 1024K, 5 young (5120K), 1 survivors (1024K)
 Metaspace       used 101407K, capacity 103688K, committed 104484K, reserved 1157120K
  class space    used 12361K, capacity 13200K, committed 13480K, reserved 1048576K
}
Event: 32.222 GC heap after
{Heap after GC invocations=30 (full 0):
 garbage-first heap   total 183296K, used 100530K [0x0000000080000000, 0x0000000100000000)
  region size 1024K, 1 young (1024K), 1 survivors (1024K)
 Metaspace       used 101407K, capacity 103688K, committed 104484K, reserved 1157120K
  class space    used 12361K, capacity 13200K, committed 13480K, reserved 1048576K
}

