# JRE version: OpenJDK Runtime Environment (11.0.12+7) (build 11.0.12+7-b1504.28-7817840)
# Java VM: OpenJDK 64-Bit Server VM (11.0.12+7-b1504.28-7817840, mixed mode, tiered, compressed oops, g1 gc, windows-amd64)
Heap:
 garbage-first heap   total 183296K, used 59888K [0x0000000080000000, 0x0000000100000000)
  region size 1024K, 9 young (9216K), 9 survivors (9216K)
 Metaspace       used 75274K, capacity 77033K, committed 77128K, reserved 1116160K
  class space    used 9745K, capacity 10425K, committed 10444K, reserved 1048576K
GC Heap History (20 events):
Event: 1.413 GC heap after
{Heap after GC invocations=2 (full 0):
 garbage-first heap   total 126976K, used 16074K [0x0000000080000000, 0x0000000100000000)
  region size 1024K, 10 young (10240K), 10 survivors (10240K)
 Metaspace       used 17625K, capacity 18021K, committed 18176K, reserved 1064960K
  class space    used 2069K, capacity 2179K, committed 2304K, reserved 1048576K
}
Event: 1.585 GC heap before
{Heap before GC invocations=2 (full 0):
 garbage-first heap   total 126976K, used 45770K [0x0000000080000000, 0x0000000100000000)
  region size 1024K, 40 young (40960K), 10 survivors (10240K)
 Metaspace       used 20714K, capacity 21121K, committed 21296K, reserved 1069056K
  class space    used 2537K, capacity 2680K, committed 2688K, reserved 1048576K
}
Event: 1.590 GC heap after
{Heap after GC invocations=3 (full 0):
 garbage-first heap   total 126976K, used 17189K [0x0000000080000000, 0x0000000100000000)
  region size 1024K, 2 young (2048K), 2 survivors (2048K)
 Metaspace       used 20714K, capacity 21121K, committed 21296K, reserved 1069056K
  class space    used 2537K, capacity 2680K, committed 2688K, reserved 1048576K
}
Event: 2.041 GC heap before
{Heap before GC invocations=4 (full 0):
 garbage-first heap   total 126976K, used 83749K [0x0000000080000000, 0x0000000100000000)
  region size 1024K, 67 young (68608K), 2 survivors (2048K)
 Metaspace       used 27421K, capacity 28055K, committed 28336K, reserved 1073152K
  class space    used 3589K, capacity 3811K, committed 3840K, reserved 1048576K
}
Event: 2.045 GC heap after
{Heap after GC invocations=5 (full 0):
 garbage-first heap   total 126976K, used 19352K [0x0000000080000000, 0x0000000100000000)
  region size 1024K, 4 young (4096K), 4 survivors (4096K)
 Metaspace       used 27421K, capacity 28055K, committed 28336K, reserved 1073152K
  class space    used 3589K, capacity 3811K, committed 3840K, reserved 1048576K
}
Event: 2.440 GC heap before
{Heap before GC invocations=5 (full 0):
 garbage-first heap   total 126976K, used 66456K [0x0000000080000000, 0x0000000100000000)
  region size 1024K, 51 young (52224K), 4 survivors (4096K)
 Metaspace       used 34868K, capacity 35670K, committed 35708K, reserved 1081344K
  class space    used 4503K, capacity 4839K, committed 4864K, reserved 1048576K
}
Event: 2.447 GC heap after
{Heap after GC invocations=6 (full 0):
 garbage-first heap   total 126976K, used 22130K [0x0000000080000000, 0x0000000100000000)
  region size 1024K, 7 young (7168K), 7 survivors (7168K)
 Metaspace       used 34868K, capacity 35670K, committed 35708K, reserved 1081344K
  class space    used 4503K, capacity 4839K, committed 4864K, reserved 1048576K
}
Event: 2.937 GC heap before
{Heap before GC invocations=7 (full 0):
 garbage-first heap   total 126976K, used 92786K [0x0000000080000000, 0x0000000100000000)
  region size 1024K, 74 young (75776K), 7 survivors (7168K)
 Metaspace       used 40545K, capacity 41433K, committed 41544K, reserved 1085440K
  class space    used 5160K, capacity 5476K, committed 5580K, reserved 1048576K
}
Event: 2.943 GC heap after
{Heap after GC invocations=8 (full 0):
 garbage-first heap   total 126976K, used 27600K [0x0000000080000000, 0x0000000100000000)
  region size 1024K, 10 young (10240K), 10 survivors (10240K)
 Metaspace       used 40545K, capacity 41433K, committed 41544K, reserved 1085440K
  class space    used 5160K, capacity 5476K, committed 5580K, reserved 1048576K
}
Event: 3.320 GC heap before
{Heap before GC invocations=8 (full 0):
 garbage-first heap   total 126976K, used 94160K [0x0000000080000000, 0x0000000100000000)
  region size 1024K, 74 young (75776K), 10 survivors (10240K)
 Metaspace       used 46417K, capacity 47434K, committed 47560K, reserved 1091584K
  class space    used 5960K, capacity 6359K, committed 6476K, reserved 1048576K
}
Event: 3.325 GC heap after
{Heap after GC invocations=9 (full 0):
 garbage-first heap   total 152576K, used 30244K [0x0000000080000000, 0x0000000100000000)
  region size 1024K, 8 young (8192K), 8 survivors (8192K)
 Metaspace       used 46417K, capacity 47434K, committed 47560K, reserved 1091584K
  class space    used 5960K, capacity 6359K, committed 6476K, reserved 1048576K
}
Event: 4.218 GC heap before
{Heap before GC invocations=9 (full 0):
 garbage-first heap   total 152576K, used 110116K [0x0000000080000000, 0x0000000100000000)
  region size 1024K, 83 young (84992K), 8 survivors (8192K)
 Metaspace       used 49491K, capacity 50793K, committed 51016K, reserved 1093632K
  class space    used 6320K, capacity 6797K, committed 6860K, reserved 1048576K
}
Event: 4.226 GC heap after
{Heap after GC invocations=10 (full 0):
 garbage-first heap   total 152576K, used 43235K [0x0000000080000000, 0x0000000100000000)
  region size 1024K, 11 young (11264K), 11 survivors (11264K)
 Metaspace       used 49491K, capacity 50793K, committed 51016K, reserved 1093632K
  class space    used 6320K, capacity 6797K, committed 6860K, reserved 1048576K
}
Event: 4.758 GC heap before
{Heap before GC invocations=10 (full 0):
 garbage-first heap   total 152576K, used 104675K [0x0000000080000000, 0x0000000100000000)
  region size 1024K, 72 young (73728K), 11 survivors (11264K)
 Metaspace       used 58550K, capacity 59904K, committed 59976K, reserved 1101824K
  class space    used 7364K, capacity 7872K, committed 7884K, reserved 1048576K
}
Event: 4.770 GC heap after
{Heap after GC invocations=11 (full 0):
 garbage-first heap   total 152576K, used 46653K [0x0000000080000000, 0x0000000100000000)
  region size 1024K, 3 young (3072K), 3 survivors (3072K)
 Metaspace       used 58550K, capacity 59904K, committed 59976K, reserved 1101824K
  class space    used 7364K, capacity 7872K, committed 7884K, reserved 1048576K
}
Event: 5.279 GC heap before
{Heap before GC invocations=12 (full 0):
 garbage-first heap   total 152576K, used 114237K [0x0000000080000000, 0x0000000100000000)
  region size 1024K, 69 young (70656K), 3 survivors (3072K)
 Metaspace       used 65601K, capacity 67106K, committed 67400K, reserved 1107968K
  class space    used 8264K, capacity 8834K, committed 8908K, reserved 1048576K
}
Event: 5.283 GC heap after
{Heap after GC invocations=13 (full 0):
 garbage-first heap   total 152576K, used 51228K [0x0000000080000000, 0x0000000100000000)
  region size 1024K, 8 young (8192K), 8 survivors (8192K)
 Metaspace       used 65601K, capacity 67106K, committed 67400K, reserved 1107968K
  class space    used 8264K, capacity 8834K, committed 8908K, reserved 1048576K
}
Event: 5.656 GC heap before
{Heap before GC invocations=13 (full 0):
 garbage-first heap   total 152576K, used 117788K [0x0000000080000000, 0x0000000100000000)
  region size 1024K, 72 young (73728K), 8 survivors (8192K)
 Metaspace       used 69028K, capacity 70715K, committed 70984K, reserved 1112064K
  class space    used 8739K, capacity 9366K, committed 9420K, reserved 1048576K
}
Event: 5.662 GC heap after
{Heap after GC invocations=14 (full 0):
 garbage-first heap   total 152576K, used 56045K [0x0000000080000000, 0x0000000100000000)
  region size 1024K, 5 young (5120K), 5 survivors (5120K)
 Metaspace       used 69028K, capacity 70715K, committed 70984K, reserved 1112064K
  class space    used 8739K, capacity 9366K, committed 9420K, reserved 1048576K
}
Event: 6.194 GC heap before
{Heap before GC invocations=14 (full 0):
 garbage-first heap   total 152576K, used 120557K [0x0000000080000000, 0x0000000100000000)
  region size 1024K, 68 young (69632K), 5 survivors (5120K)
 Metaspace       used 75274K, capacity 77033K, committed 77128K, reserved 1116160K
  class space    used 9745K, capacity 10425K, committed 10444K, reserved 1048576K
}

